{
"contracts\\MetaNodeStake.sol":{"l":{"154":87,"155":85,"160":9,"161":8,"166":18,"167":17,"178":23,"180":23,"181":23,"183":23,"185":23,"187":23,"189":23,"191":23,"192":23,"193":23,"208":23,"209":23,"214":3,"215":2,"216":2,"221":4,"222":2,"223":2,"228":3,"229":2,"230":2,"235":3,"236":2,"237":2,"242":0,"243":0,"244":0,"249":0,"250":0,"251":0,"256":0,"257":0,"258":0,"273":24,"274":6,"276":18,"278":24,"279":24,"281":24,"282":8,"285":24,"287":24,"289":24,"299":24,"304":0,"305":0,"306":0,"311":0,"312":0,"313":0,"316":0,"317":0,"318":0,"325":2,"330":33,"332":33,"334":33,"335":33,"336":33,"338":33,"339":33,"344":4,"349":4,"350":4,"351":4,"352":4,"354":4,"355":1,"356":1,"357":1,"361":4,"366":8,"371":5,"372":5,"373":5,"374":5,"375":5,"376":2,"379":5,"386":32,"388":32,"389":0,"392":32,"393":32,"395":32,"396":32,"397":32,"399":32,"400":17,"401":17,"402":17,"403":17,"404":17,"405":17,"406":17,"409":32,"410":32,"415":8,"416":8,"417":0,"423":14,"424":14,"425":14,"426":14,"427":12,"432":5,"433":5,"434":5,"436":4,"438":4,"440":3,"445":9,"446":9,"448":9,"450":9,"453":9,"455":9,"456":9,"459":9,"461":9,"462":9,"468":9,"470":9,"471":9,"476":8,"477":8,"479":8,"480":8,"482":8,"483":5,"484":5,"487":8,"488":5,"489":0,"491":5,"492":5,"496":8,"497":5,"498":3,"500":2,"504":8,"509":8,"510":8,"512":8,"514":8,"516":8,"517":7,"518":7,"521":8,"523":8,"530":15,"531":15,"532":15,"533":15,"534":1,"535":1,"536":1,"537":1,"539":1,"540":1,"542":1,"543":1,"544":1,"545":1,"549":15,"550":15,"551":15,"552":15,"555":15,"556":15,"557":15,"559":15,"560":15,"562":15,"563":15,"565":15,"567":15,"572":7,"574":7,"575":5,"577":2,"583":3,"587":3,"588":3,"589":0},"path":"D:\\go\\goland\\workspace\\contract-practice\\task2\\contracts\\MetaNodeStake.sol","s":{"1":87,"2":9,"3":18,"4":23,"5":23,"6":23,"7":23,"8":23,"9":23,"10":23,"11":23,"12":3,"13":2,"14":4,"15":2,"16":3,"17":2,"18":3,"19":2,"20":0,"21":0,"22":0,"23":0,"24":0,"25":0,"26":24,"27":6,"28":18,"29":24,"30":24,"31":24,"32":8,"33":24,"34":24,"35":24,"36":0,"37":0,"38":0,"39":0,"40":0,"41":2,"42":33,"43":33,"44":33,"45":33,"46":33,"47":33,"48":4,"49":4,"50":4,"51":4,"52":4,"53":4,"54":1,"55":1,"56":4,"57":8,"58":5,"59":5,"60":5,"61":5,"62":5,"63":32,"64":32,"65":0,"66":32,"67":32,"68":32,"69":32,"70":32,"71":17,"72":17,"73":17,"74":17,"75":17,"76":32,"77":8,"78":8,"79":0,"80":14,"81":14,"82":14,"83":14,"84":12,"85":5,"86":5,"87":5,"88":4,"89":4,"90":3,"91":9,"92":9,"93":9,"94":9,"95":9,"96":9,"97":9,"98":9,"99":9,"100":8,"101":8,"102":8,"103":8,"104":8,"105":8,"106":5,"107":5,"108":5,"109":8,"110":5,"111":3,"112":2,"113":8,"114":8,"115":8,"116":8,"117":8,"118":8,"119":7,"120":8,"121":15,"122":15,"123":15,"124":15,"125":1,"126":1,"127":1,"128":1,"129":1,"130":1,"131":1,"132":1,"133":15,"134":15,"135":15,"136":15,"137":15,"138":15,"139":15,"140":15,"141":15,"142":7,"143":7,"144":5,"145":2,"146":3,"147":3,"148":3,"149":0},"b":{"1":[85,2],"2":[8,1],"3":[17,1],"4":[23,0],"5":[23,0],"6":[0,0],"7":[23,0],"8":[3,1],"9":[2,1],"10":[4,1],"11":[2,2],"12":[3,1],"13":[2,1],"14":[3,1],"15":[2,1],"16":[0,0],"17":[0,0],"18":[0,0],"19":[0,0],"20":[0,0],"21":[0,0],"22":[24,0],"23":[6,18],"24":[6,0],"25":[18,0],"26":[24,0],"27":[24,0],"28":[8,16],"29":[24,0],"30":[0,0],"31":[0,0],"32":[0,0],"33":[0,0],"34":[0,0],"35":[0,0],"36":[33,0],"37":[0,33],"38":[0,33],"39":[33,0],"40":[33,0],"41":[4,0],"42":[4,0],"43":[1,3],"44":[8,0],"45":[5,0],"46":[2,3],"47":[32,0],"48":[0,32],"49":[32,0],"50":[32,0],"51":[17,15],"52":[17,0],"53":[17,0],"54":[17,0],"55":[14,0],"56":[14,0],"57":[12,2],"58":[6,0],"59":[5,1],"60":[5,0],"61":[4,1],"62":[4,0],"63":[10,0],"64":[10,0],"65":[9,1],"66":[9,0],"67":[9,0],"68":[9,0],"69":[8,0],"70":[8,0],"71":[8,0],"72":[5,3],"73":[5,3],"74":[3,2],"75":[10,0],"76":[9,1],"77":[8,1],"78":[7,1],"79":[1,14],"80":[1,0],"81":[1,0],"82":[1,0],"83":[1,0],"84":[1,0],"85":[15,0],"86":[15,0],"87":[15,0],"88":[15,0],"89":[15,0],"90":[5,2],"91":[3,0],"92":[0,3],"93":[0,0]},"f":{"1":87,"2":9,"3":18,"4":23,"5":0,"6":23,"7":3,"8":4,"9":3,"10":3,"11":0,"12":0,"13":0,"14":24,"15":0,"16":0,"17":2,"18":33,"19":4,"20":4,"21":8,"22":5,"23":32,"24":8,"25":14,"26":5,"27":9,"28":8,"29":8,"30":15,"31":7,"32":3},"fnMap":{"1":{"name":"checkPid","line":153,"loc":{"start":{"line":153,"column":4},"end":{"line":156,"column":4}}},"2":{"name":"whenNotClaimPaused","line":159,"loc":{"start":{"line":159,"column":4},"end":{"line":162,"column":4}}},"3":{"name":"whenNotWithdrawPaused","line":165,"loc":{"start":{"line":165,"column":4},"end":{"line":168,"column":4}}},"4":{"name":"initialize","line":176,"loc":{"start":{"line":171,"column":4},"end":{"line":194,"column":4}}},"5":{"name":"_authorizeUpgrade","line":199,"loc":{"start":{"line":197,"column":4},"end":{"line":203,"column":4}}},"6":{"name":"setMetaNode","line":207,"loc":{"start":{"line":207,"column":4},"end":{"line":210,"column":4}}},"7":{"name":"pauseWithdraw","line":213,"loc":{"start":{"line":213,"column":4},"end":{"line":217,"column":4}}},"8":{"name":"unpauseWithdraw","line":220,"loc":{"start":{"line":220,"column":4},"end":{"line":224,"column":4}}},"9":{"name":"pauseClaim","line":227,"loc":{"start":{"line":227,"column":4},"end":{"line":231,"column":4}}},"10":{"name":"unpauseClaim","line":234,"loc":{"start":{"line":234,"column":4},"end":{"line":238,"column":4}}},"11":{"name":"setStartBlock","line":241,"loc":{"start":{"line":241,"column":4},"end":{"line":245,"column":4}}},"12":{"name":"setEndBlock","line":248,"loc":{"start":{"line":248,"column":4},"end":{"line":252,"column":4}}},"13":{"name":"setMetaNodePerBlock","line":255,"loc":{"start":{"line":255,"column":4},"end":{"line":259,"column":4}}},"14":{"name":"addPool","line":271,"loc":{"start":{"line":271,"column":4},"end":{"line":300,"column":4}}},"15":{"name":"updatePool","line":303,"loc":{"start":{"line":303,"column":4},"end":{"line":307,"column":4}}},"16":{"name":"setPoolWeight","line":310,"loc":{"start":{"line":310,"column":4},"end":{"line":319,"column":4}}},"17":{"name":"poolLength","line":324,"loc":{"start":{"line":324,"column":4},"end":{"line":326,"column":4}}},"18":{"name":"getMultiplier","line":329,"loc":{"start":{"line":329,"column":4},"end":{"line":340,"column":4}}},"19":{"name":"pendingMetaNode","line":343,"loc":{"start":{"line":343,"column":4},"end":{"line":345,"column":4}}},"20":{"name":"pendingMetaNodeByBlockNumber","line":348,"loc":{"start":{"line":348,"column":4},"end":{"line":362,"column":4}}},"21":{"name":"stakingBalance","line":365,"loc":{"start":{"line":365,"column":4},"end":{"line":367,"column":4}}},"22":{"name":"withdrawAmount","line":370,"loc":{"start":{"line":370,"column":4},"end":{"line":380,"column":4}}},"23":{"name":"updatePool","line":385,"loc":{"start":{"line":385,"column":4},"end":{"line":411,"column":4}}},"24":{"name":"massUpdatePools","line":414,"loc":{"start":{"line":414,"column":4},"end":{"line":419,"column":4}}},"25":{"name":"depositETH","line":422,"loc":{"start":{"line":422,"column":4},"end":{"line":428,"column":4}}},"26":{"name":"deposit","line":431,"loc":{"start":{"line":431,"column":4},"end":{"line":441,"column":4}}},"27":{"name":"unstake","line":444,"loc":{"start":{"line":444,"column":4},"end":{"line":472,"column":4}}},"28":{"name":"withdraw","line":475,"loc":{"start":{"line":475,"column":4},"end":{"line":505,"column":4}}},"29":{"name":"claim","line":508,"loc":{"start":{"line":508,"column":4},"end":{"line":524,"column":4}}},"30":{"name":"_deposit","line":529,"loc":{"start":{"line":529,"column":4},"end":{"line":568,"column":4}}},"31":{"name":"_safeMetaNodeTransfer","line":571,"loc":{"start":{"line":571,"column":4},"end":{"line":579,"column":4}}},"32":{"name":"_safeETHTransfer","line":582,"loc":{"start":{"line":582,"column":4},"end":{"line":594,"column":4}}}},"statementMap":{"1":{"start":{"line":154,"column":8},"end":{"line":154,"column":49}},"2":{"start":{"line":160,"column":8},"end":{"line":160,"column":47}},"3":{"start":{"line":166,"column":8},"end":{"line":166,"column":53}},"4":{"start":{"line":178,"column":8},"end":{"line":178,"column":87}},"5":{"start":{"line":180,"column":8},"end":{"line":180,"column":29}},"6":{"start":{"line":181,"column":8},"end":{"line":181,"column":31}},"7":{"start":{"line":183,"column":8},"end":{"line":183,"column":49}},"8":{"start":{"line":185,"column":8},"end":{"line":185,"column":43}},"9":{"start":{"line":187,"column":8},"end":{"line":187,"column":41}},"10":{"start":{"line":189,"column":8},"end":{"line":189,"column":29}},"11":{"start":{"line":209,"column":8},"end":{"line":209,"column":34}},"12":{"start":{"line":214,"column":8},"end":{"line":214,"column":67}},"13":{"start":{"line":216,"column":8},"end":{"line":216,"column":28}},"14":{"start":{"line":221,"column":8},"end":{"line":221,"column":68}},"15":{"start":{"line":223,"column":8},"end":{"line":223,"column":30}},"16":{"start":{"line":228,"column":8},"end":{"line":228,"column":61}},"17":{"start":{"line":230,"column":8},"end":{"line":230,"column":25}},"18":{"start":{"line":235,"column":8},"end":{"line":235,"column":62}},"19":{"start":{"line":237,"column":8},"end":{"line":237,"column":27}},"20":{"start":{"line":242,"column":8},"end":{"line":242,"column":85}},"21":{"start":{"line":244,"column":8},"end":{"line":244,"column":39}},"22":{"start":{"line":249,"column":8},"end":{"line":249,"column":85}},"23":{"start":{"line":251,"column":8},"end":{"line":251,"column":35}},"24":{"start":{"line":256,"column":8},"end":{"line":256,"column":58}},"25":{"start":{"line":258,"column":8},"end":{"line":258,"column":51}},"26":{"start":{"line":273,"column":8},"end":{"line":273,"column":9225}},"27":{"start":{"line":274,"column":12},"end":{"line":274,"column":84}},"28":{"start":{"line":276,"column":12},"end":{"line":276,"column":84}},"29":{"start":{"line":278,"column":8},"end":{"line":278,"column":74}},"30":{"start":{"line":279,"column":8},"end":{"line":279,"column":56}},"31":{"start":{"line":281,"column":8},"end":{"line":281,"column":9639}},"32":{"start":{"line":282,"column":12},"end":{"line":282,"column":28}},"33":{"start":{"line":285,"column":8},"end":{"line":285,"column":87}},"34":{"start":{"line":289,"column":8},"end":{"line":289,"column":9979}},"35":{"start":{"line":299,"column":8},"end":{"line":299,"column":108}},"36":{"start":{"line":306,"column":8},"end":{"line":306,"column":74}},"37":{"start":{"line":311,"column":8},"end":{"line":311,"column":54}},"38":{"start":{"line":312,"column":8},"end":{"line":312,"column":11053}},"39":{"start":{"line":313,"column":12},"end":{"line":313,"column":28}},"40":{"start":{"line":318,"column":8},"end":{"line":318,"column":62}},"41":{"start":{"line":325,"column":8},"end":{"line":325,"column":26}},"42":{"start":{"line":330,"column":8},"end":{"line":330,"column":45}},"43":{"start":{"line":332,"column":8},"end":{"line":332,"column":52}},"44":{"start":{"line":334,"column":8},"end":{"line":334,"column":44}},"45":{"start":{"line":335,"column":8},"end":{"line":335,"column":74}},"46":{"start":{"line":336,"column":8},"end":{"line":336,"column":20}},"47":{"start":{"line":339,"column":8},"end":{"line":339,"column":46}},"48":{"start":{"line":344,"column":8},"end":{"line":344,"column":70}},"49":{"start":{"line":349,"column":8},"end":{"line":349,"column":39}},"50":{"start":{"line":350,"column":8},"end":{"line":350,"column":46}},"51":{"start":{"line":351,"column":8},"end":{"line":351,"column":57}},"52":{"start":{"line":352,"column":8},"end":{"line":352,"column":46}},"53":{"start":{"line":354,"column":8},"end":{"line":354,"column":12905}},"54":{"start":{"line":355,"column":12},"end":{"line":355,"column":83}},"55":{"start":{"line":356,"column":12},"end":{"line":356,"column":85}},"56":{"start":{"line":361,"column":8},"end":{"line":361,"column":109}},"57":{"start":{"line":366,"column":8},"end":{"line":366,"column":41}},"58":{"start":{"line":371,"column":8},"end":{"line":371,"column":46}},"59":{"start":{"line":372,"column":8},"end":{"line":372,"column":13917}},"60":{"start":{"line":373,"column":12},"end":{"line":373,"column":58}},"61":{"start":{"line":375,"column":12},"end":{"line":375,"column":14091}},"62":{"start":{"line":379,"column":8},"end":{"line":379,"column":53}},"63":{"start":{"line":386,"column":8},"end":{"line":386,"column":39}},"64":{"start":{"line":388,"column":8},"end":{"line":388,"column":14596}},"65":{"start":{"line":389,"column":12},"end":{"line":389,"column":18}},"66":{"start":{"line":392,"column":8},"end":{"line":392,"column":124}},"67":{"start":{"line":393,"column":8},"end":{"line":393,"column":36}},"68":{"start":{"line":396,"column":8},"end":{"line":396,"column":36}},"69":{"start":{"line":397,"column":8},"end":{"line":397,"column":46}},"70":{"start":{"line":399,"column":8},"end":{"line":399,"column":15134}},"71":{"start":{"line":400,"column":12},"end":{"line":400,"column":83}},"72":{"start":{"line":401,"column":12},"end":{"line":401,"column":40}},"73":{"start":{"line":403,"column":12},"end":{"line":403,"column":40}},"74":{"start":{"line":404,"column":12},"end":{"line":404,"column":101}},"75":{"start":{"line":405,"column":12},"end":{"line":405,"column":40}},"76":{"start":{"line":410,"column":8},"end":{"line":410,"column":67}},"77":{"start":{"line":415,"column":8},"end":{"line":415,"column":36}},"78":{"start":{"line":416,"column":8},"end":{"line":416,"column":15875}},"79":{"start":{"line":417,"column":12},"end":{"line":417,"column":26}},"80":{"start":{"line":423,"column":8},"end":{"line":423,"column":42}},"81":{"start":{"line":424,"column":8},"end":{"line":424,"column":85}},"82":{"start":{"line":425,"column":8},"end":{"line":425,"column":35}},"83":{"start":{"line":426,"column":8},"end":{"line":426,"column":80}},"84":{"start":{"line":427,"column":8},"end":{"line":427,"column":33}},"85":{"start":{"line":432,"column":8},"end":{"line":432,"column":60}},"86":{"start":{"line":433,"column":8},"end":{"line":433,"column":39}},"87":{"start":{"line":434,"column":8},"end":{"line":434,"column":79}},"88":{"start":{"line":436,"column":8},"end":{"line":436,"column":16694}},"89":{"start":{"line":438,"column":12},"end":{"line":438,"column":92}},"90":{"start":{"line":440,"column":8},"end":{"line":440,"column":30}},"91":{"start":{"line":445,"column":8},"end":{"line":445,"column":39}},"92":{"start":{"line":446,"column":8},"end":{"line":446,"column":51}},"93":{"start":{"line":448,"column":8},"end":{"line":448,"column":77}},"94":{"start":{"line":450,"column":8},"end":{"line":450,"column":23}},"95":{"start":{"line":453,"column":8},"end":{"line":453,"column":111}},"96":{"start":{"line":455,"column":8},"end":{"line":455,"column":17430}},"97":{"start":{"line":459,"column":8},"end":{"line":459,"column":17558}},"98":{"start":{"line":462,"column":12},"end":{"line":462,"column":17717}},"99":{"start":{"line":471,"column":8},"end":{"line":471,"column":54}},"100":{"start":{"line":476,"column":8},"end":{"line":476,"column":39}},"101":{"start":{"line":477,"column":8},"end":{"line":477,"column":51}},"102":{"start":{"line":479,"column":8},"end":{"line":479,"column":32}},"103":{"start":{"line":480,"column":8},"end":{"line":480,"column":25}},"104":{"start":{"line":482,"column":8},"end":{"line":482,"column":18521}},"105":{"start":{"line":487,"column":8},"end":{"line":487,"column":18740}},"106":{"start":{"line":488,"column":12},"end":{"line":488,"column":18774}},"107":{"start":{"line":491,"column":12},"end":{"line":491,"column":18924}},"108":{"start":{"line":492,"column":16},"end":{"line":492,"column":35}},"109":{"start":{"line":496,"column":8},"end":{"line":496,"column":19109}},"110":{"start":{"line":497,"column":12},"end":{"line":497,"column":19154}},"111":{"start":{"line":498,"column":16},"end":{"line":498,"column":61}},"112":{"start":{"line":500,"column":16},"end":{"line":500,"column":86}},"113":{"start":{"line":504,"column":8},"end":{"line":504,"column":71}},"114":{"start":{"line":509,"column":8},"end":{"line":509,"column":39}},"115":{"start":{"line":510,"column":8},"end":{"line":510,"column":51}},"116":{"start":{"line":512,"column":8},"end":{"line":512,"column":23}},"117":{"start":{"line":514,"column":8},"end":{"line":514,"column":135}},"118":{"start":{"line":516,"column":8},"end":{"line":516,"column":19883}},"119":{"start":{"line":518,"column":12},"end":{"line":518,"column":62}},"120":{"start":{"line":523,"column":8},"end":{"line":523,"column":54}},"121":{"start":{"line":530,"column":8},"end":{"line":530,"column":39}},"122":{"start":{"line":531,"column":8},"end":{"line":531,"column":51}},"123":{"start":{"line":532,"column":8},"end":{"line":532,"column":23}},"124":{"start":{"line":533,"column":8},"end":{"line":533,"column":20541}},"125":{"start":{"line":534,"column":12},"end":{"line":534,"column":90}},"126":{"start":{"line":535,"column":12},"end":{"line":535,"column":75}},"127":{"start":{"line":537,"column":12},"end":{"line":537,"column":58}},"128":{"start":{"line":539,"column":12},"end":{"line":539,"column":92}},"129":{"start":{"line":540,"column":12},"end":{"line":540,"column":67}},"130":{"start":{"line":542,"column":12},"end":{"line":542,"column":21056}},"131":{"start":{"line":543,"column":16},"end":{"line":543,"column":106}},"132":{"start":{"line":544,"column":16},"end":{"line":544,"column":65}},"133":{"start":{"line":549,"column":8},"end":{"line":549,"column":21353}},"134":{"start":{"line":550,"column":12},"end":{"line":550,"column":78}},"135":{"start":{"line":551,"column":12},"end":{"line":551,"column":54}},"136":{"start":{"line":555,"column":8},"end":{"line":555,"column":84}},"137":{"start":{"line":556,"column":8},"end":{"line":556,"column":55}},"138":{"start":{"line":559,"column":8},"end":{"line":559,"column":97}},"139":{"start":{"line":560,"column":8},"end":{"line":560,"column":71}},"140":{"start":{"line":563,"column":8},"end":{"line":563,"column":65}},"141":{"start":{"line":567,"column":8},"end":{"line":567,"column":47}},"142":{"start":{"line":572,"column":8},"end":{"line":572,"column":63}},"143":{"start":{"line":574,"column":8},"end":{"line":574,"column":22386}},"144":{"start":{"line":575,"column":12},"end":{"line":575,"column":46}},"145":{"start":{"line":577,"column":12},"end":{"line":577,"column":42}},"146":{"start":{"line":583,"column":8},"end":{"line":583,"column":22678}},"147":{"start":{"line":587,"column":8},"end":{"line":587,"column":51}},"148":{"start":{"line":588,"column":8},"end":{"line":588,"column":22838}},"149":{"start":{"line":589,"column":12},"end":{"line":589,"column":22878}}},"branchMap":{"1":{"line":154,"type":"if","locations":[{"start":{"line":154,"column":8},"end":{"line":154,"column":8}},{"start":{"line":154,"column":8},"end":{"line":154,"column":8}}]},"2":{"line":160,"type":"if","locations":[{"start":{"line":160,"column":8},"end":{"line":160,"column":8}},{"start":{"line":160,"column":8},"end":{"line":160,"column":8}}]},"3":{"line":166,"type":"if","locations":[{"start":{"line":166,"column":8},"end":{"line":166,"column":8}},{"start":{"line":166,"column":8},"end":{"line":166,"column":8}}]},"4":{"line":176,"type":"if","locations":[{"start":{"line":176,"column":13},"end":{"line":176,"column":13}},{"start":{"line":176,"column":13},"end":{"line":176,"column":13}}]},"5":{"line":178,"type":"if","locations":[{"start":{"line":178,"column":8},"end":{"line":178,"column":8}},{"start":{"line":178,"column":8},"end":{"line":178,"column":8}}]},"6":{"line":199,"type":"if","locations":[{"start":{"line":199,"column":8},"end":{"line":199,"column":8}},{"start":{"line":199,"column":8},"end":{"line":199,"column":8}}]},"7":{"line":207,"type":"if","locations":[{"start":{"line":207,"column":50},"end":{"line":207,"column":50}},{"start":{"line":207,"column":50},"end":{"line":207,"column":50}}]},"8":{"line":213,"type":"if","locations":[{"start":{"line":213,"column":36},"end":{"line":213,"column":36}},{"start":{"line":213,"column":36},"end":{"line":213,"column":36}}]},"9":{"line":214,"type":"if","locations":[{"start":{"line":214,"column":8},"end":{"line":214,"column":8}},{"start":{"line":214,"column":8},"end":{"line":214,"column":8}}]},"10":{"line":220,"type":"if","locations":[{"start":{"line":220,"column":38},"end":{"line":220,"column":38}},{"start":{"line":220,"column":38},"end":{"line":220,"column":38}}]},"11":{"line":221,"type":"if","locations":[{"start":{"line":221,"column":8},"end":{"line":221,"column":8}},{"start":{"line":221,"column":8},"end":{"line":221,"column":8}}]},"12":{"line":227,"type":"if","locations":[{"start":{"line":227,"column":33},"end":{"line":227,"column":33}},{"start":{"line":227,"column":33},"end":{"line":227,"column":33}}]},"13":{"line":228,"type":"if","locations":[{"start":{"line":228,"column":8},"end":{"line":228,"column":8}},{"start":{"line":228,"column":8},"end":{"line":228,"column":8}}]},"14":{"line":234,"type":"if","locations":[{"start":{"line":234,"column":35},"end":{"line":234,"column":35}},{"start":{"line":234,"column":35},"end":{"line":234,"column":35}}]},"15":{"line":235,"type":"if","locations":[{"start":{"line":235,"column":8},"end":{"line":235,"column":8}},{"start":{"line":235,"column":8},"end":{"line":235,"column":8}}]},"16":{"line":241,"type":"if","locations":[{"start":{"line":241,"column":55},"end":{"line":241,"column":55}},{"start":{"line":241,"column":55},"end":{"line":241,"column":55}}]},"17":{"line":242,"type":"if","locations":[{"start":{"line":242,"column":8},"end":{"line":242,"column":8}},{"start":{"line":242,"column":8},"end":{"line":242,"column":8}}]},"18":{"line":248,"type":"if","locations":[{"start":{"line":248,"column":51},"end":{"line":248,"column":51}},{"start":{"line":248,"column":51},"end":{"line":248,"column":51}}]},"19":{"line":249,"type":"if","locations":[{"start":{"line":249,"column":8},"end":{"line":249,"column":8}},{"start":{"line":249,"column":8},"end":{"line":249,"column":8}}]},"20":{"line":255,"type":"if","locations":[{"start":{"line":255,"column":67},"end":{"line":255,"column":67}},{"start":{"line":255,"column":67},"end":{"line":255,"column":67}}]},"21":{"line":256,"type":"if","locations":[{"start":{"line":256,"column":8},"end":{"line":256,"column":8}},{"start":{"line":256,"column":8},"end":{"line":256,"column":8}}]},"22":{"line":271,"type":"if","locations":[{"start":{"line":271,"column":149},"end":{"line":271,"column":149}},{"start":{"line":271,"column":149},"end":{"line":271,"column":149}}]},"23":{"line":273,"type":"if","locations":[{"start":{"line":273,"column":8},"end":{"line":273,"column":8}},{"start":{"line":273,"column":8},"end":{"line":273,"column":8}}]},"24":{"line":274,"type":"if","locations":[{"start":{"line":274,"column":12},"end":{"line":274,"column":12}},{"start":{"line":274,"column":12},"end":{"line":274,"column":12}}]},"25":{"line":276,"type":"if","locations":[{"start":{"line":276,"column":12},"end":{"line":276,"column":12}},{"start":{"line":276,"column":12},"end":{"line":276,"column":12}}]},"26":{"line":278,"type":"if","locations":[{"start":{"line":278,"column":8},"end":{"line":278,"column":8}},{"start":{"line":278,"column":8},"end":{"line":278,"column":8}}]},"27":{"line":279,"type":"if","locations":[{"start":{"line":279,"column":8},"end":{"line":279,"column":8}},{"start":{"line":279,"column":8},"end":{"line":279,"column":8}}]},"28":{"line":281,"type":"if","locations":[{"start":{"line":281,"column":8},"end":{"line":281,"column":8}},{"start":{"line":281,"column":8},"end":{"line":281,"column":8}}]},"29":{"line":285,"type":"if","locations":[{"start":{"line":285,"column":62},"end":{"line":285,"column":73}},{"start":{"line":285,"column":77},"end":{"line":285,"column":86}}]},"30":{"line":303,"type":"if","locations":[{"start":{"line":303,"column":102},"end":{"line":303,"column":102}},{"start":{"line":303,"column":102},"end":{"line":303,"column":102}}]},"31":{"line":303,"type":"if","locations":[{"start":{"line":303,"column":123},"end":{"line":303,"column":123}},{"start":{"line":303,"column":123},"end":{"line":303,"column":123}}]},"32":{"line":310,"type":"if","locations":[{"start":{"line":310,"column":87},"end":{"line":310,"column":87}},{"start":{"line":310,"column":87},"end":{"line":310,"column":87}}]},"33":{"line":310,"type":"if","locations":[{"start":{"line":310,"column":108},"end":{"line":310,"column":108}},{"start":{"line":310,"column":108},"end":{"line":310,"column":108}}]},"34":{"line":311,"type":"if","locations":[{"start":{"line":311,"column":8},"end":{"line":311,"column":8}},{"start":{"line":311,"column":8},"end":{"line":311,"column":8}}]},"35":{"line":312,"type":"if","locations":[{"start":{"line":312,"column":8},"end":{"line":312,"column":8}},{"start":{"line":312,"column":8},"end":{"line":312,"column":8}}]},"36":{"line":330,"type":"if","locations":[{"start":{"line":330,"column":8},"end":{"line":330,"column":8}},{"start":{"line":330,"column":8},"end":{"line":330,"column":8}}]},"37":{"line":332,"type":"if","locations":[{"start":{"line":332,"column":8},"end":{"line":332,"column":8}},{"start":{"line":332,"column":8},"end":{"line":332,"column":8}}]},"38":{"line":334,"type":"if","locations":[{"start":{"line":334,"column":8},"end":{"line":334,"column":8}},{"start":{"line":334,"column":8},"end":{"line":334,"column":8}}]},"39":{"line":335,"type":"if","locations":[{"start":{"line":335,"column":8},"end":{"line":335,"column":8}},{"start":{"line":335,"column":8},"end":{"line":335,"column":8}}]},"40":{"line":339,"type":"if","locations":[{"start":{"line":339,"column":8},"end":{"line":339,"column":8}},{"start":{"line":339,"column":8},"end":{"line":339,"column":8}}]},"41":{"line":343,"type":"if","locations":[{"start":{"line":343,"column":67},"end":{"line":343,"column":67}},{"start":{"line":343,"column":67},"end":{"line":343,"column":67}}]},"42":{"line":348,"type":"if","locations":[{"start":{"line":348,"column":100},"end":{"line":348,"column":100}},{"start":{"line":348,"column":100},"end":{"line":348,"column":100}}]},"43":{"line":354,"type":"if","locations":[{"start":{"line":354,"column":8},"end":{"line":354,"column":8}},{"start":{"line":354,"column":8},"end":{"line":354,"column":8}}]},"44":{"line":365,"type":"if","locations":[{"start":{"line":365,"column":66},"end":{"line":365,"column":66}},{"start":{"line":365,"column":66},"end":{"line":365,"column":66}}]},"45":{"line":370,"type":"if","locations":[{"start":{"line":370,"column":64},"end":{"line":370,"column":64}},{"start":{"line":370,"column":64},"end":{"line":370,"column":64}}]},"46":{"line":375,"type":"if","locations":[{"start":{"line":375,"column":12},"end":{"line":375,"column":12}},{"start":{"line":375,"column":12},"end":{"line":375,"column":12}}]},"47":{"line":385,"type":"if","locations":[{"start":{"line":385,"column":45},"end":{"line":385,"column":45}},{"start":{"line":385,"column":45},"end":{"line":385,"column":45}}]},"48":{"line":388,"type":"if","locations":[{"start":{"line":388,"column":8},"end":{"line":388,"column":8}},{"start":{"line":388,"column":8},"end":{"line":388,"column":8}}]},"49":{"line":393,"type":"if","locations":[{"start":{"line":393,"column":8},"end":{"line":393,"column":8}},{"start":{"line":393,"column":8},"end":{"line":393,"column":8}}]},"50":{"line":396,"type":"if","locations":[{"start":{"line":396,"column":8},"end":{"line":396,"column":8}},{"start":{"line":396,"column":8},"end":{"line":396,"column":8}}]},"51":{"line":399,"type":"if","locations":[{"start":{"line":399,"column":8},"end":{"line":399,"column":8}},{"start":{"line":399,"column":8},"end":{"line":399,"column":8}}]},"52":{"line":401,"type":"if","locations":[{"start":{"line":401,"column":12},"end":{"line":401,"column":12}},{"start":{"line":401,"column":12},"end":{"line":401,"column":12}}]},"53":{"line":403,"type":"if","locations":[{"start":{"line":403,"column":12},"end":{"line":403,"column":12}},{"start":{"line":403,"column":12},"end":{"line":403,"column":12}}]},"54":{"line":405,"type":"if","locations":[{"start":{"line":405,"column":12},"end":{"line":405,"column":12}},{"start":{"line":405,"column":12},"end":{"line":405,"column":12}}]},"55":{"line":422,"type":"if","locations":[{"start":{"line":422,"column":33},"end":{"line":422,"column":33}},{"start":{"line":422,"column":33},"end":{"line":422,"column":33}}]},"56":{"line":424,"type":"if","locations":[{"start":{"line":424,"column":8},"end":{"line":424,"column":8}},{"start":{"line":424,"column":8},"end":{"line":424,"column":8}}]},"57":{"line":426,"type":"if","locations":[{"start":{"line":426,"column":8},"end":{"line":426,"column":8}},{"start":{"line":426,"column":8},"end":{"line":426,"column":8}}]},"58":{"line":431,"type":"if","locations":[{"start":{"line":431,"column":59},"end":{"line":431,"column":59}},{"start":{"line":431,"column":59},"end":{"line":431,"column":59}}]},"59":{"line":431,"type":"if","locations":[{"start":{"line":431,"column":75},"end":{"line":431,"column":75}},{"start":{"line":431,"column":75},"end":{"line":431,"column":75}}]},"60":{"line":432,"type":"if","locations":[{"start":{"line":432,"column":8},"end":{"line":432,"column":8}},{"start":{"line":432,"column":8},"end":{"line":432,"column":8}}]},"61":{"line":434,"type":"if","locations":[{"start":{"line":434,"column":8},"end":{"line":434,"column":8}},{"start":{"line":434,"column":8},"end":{"line":434,"column":8}}]},"62":{"line":436,"type":"if","locations":[{"start":{"line":436,"column":8},"end":{"line":436,"column":8}},{"start":{"line":436,"column":8},"end":{"line":436,"column":8}}]},"63":{"line":444,"type":"if","locations":[{"start":{"line":444,"column":59},"end":{"line":444,"column":59}},{"start":{"line":444,"column":59},"end":{"line":444,"column":59}}]},"64":{"line":444,"type":"if","locations":[{"start":{"line":444,"column":75},"end":{"line":444,"column":75}},{"start":{"line":444,"column":75},"end":{"line":444,"column":75}}]},"65":{"line":444,"type":"if","locations":[{"start":{"line":444,"column":90},"end":{"line":444,"column":90}},{"start":{"line":444,"column":90},"end":{"line":444,"column":90}}]},"66":{"line":448,"type":"if","locations":[{"start":{"line":448,"column":8},"end":{"line":448,"column":8}},{"start":{"line":448,"column":8},"end":{"line":448,"column":8}}]},"67":{"line":455,"type":"if","locations":[{"start":{"line":455,"column":8},"end":{"line":455,"column":8}},{"start":{"line":455,"column":8},"end":{"line":455,"column":8}}]},"68":{"line":459,"type":"if","locations":[{"start":{"line":459,"column":8},"end":{"line":459,"column":8}},{"start":{"line":459,"column":8},"end":{"line":459,"column":8}}]},"69":{"line":475,"type":"if","locations":[{"start":{"line":475,"column":43},"end":{"line":475,"column":43}},{"start":{"line":475,"column":43},"end":{"line":475,"column":43}}]},"70":{"line":475,"type":"if","locations":[{"start":{"line":475,"column":59},"end":{"line":475,"column":59}},{"start":{"line":475,"column":59},"end":{"line":475,"column":59}}]},"71":{"line":475,"type":"if","locations":[{"start":{"line":475,"column":74},"end":{"line":475,"column":74}},{"start":{"line":475,"column":74},"end":{"line":475,"column":74}}]},"72":{"line":487,"type":"if","locations":[{"start":{"line":487,"column":8},"end":{"line":487,"column":8}},{"start":{"line":487,"column":8},"end":{"line":487,"column":8}}]},"73":{"line":496,"type":"if","locations":[{"start":{"line":496,"column":8},"end":{"line":496,"column":8}},{"start":{"line":496,"column":8},"end":{"line":496,"column":8}}]},"74":{"line":497,"type":"if","locations":[{"start":{"line":497,"column":12},"end":{"line":497,"column":12}},{"start":{"line":497,"column":12},"end":{"line":497,"column":12}}]},"75":{"line":508,"type":"if","locations":[{"start":{"line":508,"column":40},"end":{"line":508,"column":40}},{"start":{"line":508,"column":40},"end":{"line":508,"column":40}}]},"76":{"line":508,"type":"if","locations":[{"start":{"line":508,"column":56},"end":{"line":508,"column":56}},{"start":{"line":508,"column":56},"end":{"line":508,"column":56}}]},"77":{"line":508,"type":"if","locations":[{"start":{"line":508,"column":71},"end":{"line":508,"column":71}},{"start":{"line":508,"column":71},"end":{"line":508,"column":71}}]},"78":{"line":516,"type":"if","locations":[{"start":{"line":516,"column":8},"end":{"line":516,"column":8}},{"start":{"line":516,"column":8},"end":{"line":516,"column":8}}]},"79":{"line":533,"type":"if","locations":[{"start":{"line":533,"column":8},"end":{"line":533,"column":8}},{"start":{"line":533,"column":8},"end":{"line":533,"column":8}}]},"80":{"line":535,"type":"if","locations":[{"start":{"line":535,"column":12},"end":{"line":535,"column":12}},{"start":{"line":535,"column":12},"end":{"line":535,"column":12}}]},"81":{"line":537,"type":"if","locations":[{"start":{"line":537,"column":12},"end":{"line":537,"column":12}},{"start":{"line":537,"column":12},"end":{"line":537,"column":12}}]},"82":{"line":540,"type":"if","locations":[{"start":{"line":540,"column":12},"end":{"line":540,"column":12}},{"start":{"line":540,"column":12},"end":{"line":540,"column":12}}]},"83":{"line":542,"type":"if","locations":[{"start":{"line":542,"column":12},"end":{"line":542,"column":12}},{"start":{"line":542,"column":12},"end":{"line":542,"column":12}}]},"84":{"line":544,"type":"if","locations":[{"start":{"line":544,"column":16},"end":{"line":544,"column":16}},{"start":{"line":544,"column":16},"end":{"line":544,"column":16}}]},"85":{"line":549,"type":"if","locations":[{"start":{"line":549,"column":8},"end":{"line":549,"column":8}},{"start":{"line":549,"column":8},"end":{"line":549,"column":8}}]},"86":{"line":551,"type":"if","locations":[{"start":{"line":551,"column":12},"end":{"line":551,"column":12}},{"start":{"line":551,"column":12},"end":{"line":551,"column":12}}]},"87":{"line":556,"type":"if","locations":[{"start":{"line":556,"column":8},"end":{"line":556,"column":8}},{"start":{"line":556,"column":8},"end":{"line":556,"column":8}}]},"88":{"line":560,"type":"if","locations":[{"start":{"line":560,"column":8},"end":{"line":560,"column":8}},{"start":{"line":560,"column":8},"end":{"line":560,"column":8}}]},"89":{"line":563,"type":"if","locations":[{"start":{"line":563,"column":8},"end":{"line":563,"column":8}},{"start":{"line":563,"column":8},"end":{"line":563,"column":8}}]},"90":{"line":574,"type":"if","locations":[{"start":{"line":574,"column":8},"end":{"line":574,"column":8}},{"start":{"line":574,"column":8},"end":{"line":574,"column":8}}]},"91":{"line":587,"type":"if","locations":[{"start":{"line":587,"column":8},"end":{"line":587,"column":8}},{"start":{"line":587,"column":8},"end":{"line":587,"column":8}}]},"92":{"line":588,"type":"if","locations":[{"start":{"line":588,"column":8},"end":{"line":588,"column":8}},{"start":{"line":588,"column":8},"end":{"line":588,"column":8}}]},"93":{"line":589,"type":"if","locations":[{"start":{"line":589,"column":12},"end":{"line":589,"column":12}},{"start":{"line":589,"column":12},"end":{"line":589,"column":12}}]}}},
"contracts\\MetaNodeToken.sol":{"l":{"15":28,"26":56},"path":"D:\\go\\goland\\workspace\\contract-practice\\task2\\contracts\\MetaNodeToken.sol","s":{"1":28,"2":56},"b":{"1":[56,1]},"f":{"1":28,"2":56},"fnMap":{"1":{"name":"constructor","line":12,"loc":{"start":{"line":10,"column":4},"end":{"line":16,"column":4}}},"2":{"name":"mint","line":24,"loc":{"start":{"line":24,"column":4},"end":{"line":27,"column":4}}}},"statementMap":{"1":{"start":{"line":15,"column":8},"end":{"line":15,"column":39}},"2":{"start":{"line":26,"column":8},"end":{"line":26,"column":24}}},"branchMap":{"1":{"line":24,"type":"if","locations":[{"start":{"line":24,"column":55},"end":{"line":24,"column":55}},{"start":{"line":24,"column":55},"end":{"line":24,"column":55}}]}}}}
