TN:
SF:D:\go\goland\workspace\contract-practice\task2\contracts\MetaNodeStake.sol
FN:153,checkPid
FN:159,whenNotClaimPaused
FN:165,whenNotWithdrawPaused
FN:176,initialize
FN:199,_authorizeUpgrade
FN:207,setMetaNode
FN:213,pauseWithdraw
FN:220,unpauseWithdraw
FN:227,pauseClaim
FN:234,unpauseClaim
FN:241,setStartBlock
FN:248,setEndBlock
FN:255,setMetaNodePerBlock
FN:271,addPool
FN:303,updatePool
FN:310,setPoolWeight
FN:324,poolLength
FN:329,getMultiplier
FN:343,pendingMetaNode
FN:348,pendingMetaNodeByBlockNumber
FN:365,stakingBalance
FN:370,withdrawAmount
FN:385,updatePool
FN:414,massUpdatePools
FN:422,depositETH
FN:431,deposit
FN:444,unstake
FN:475,withdraw
FN:508,claim
FN:529,_deposit
FN:571,_safeMetaNodeTransfer
FN:582,_safeETHTransfer
FNF:32
FNH:26
FNDA:87,checkPid
FNDA:9,whenNotClaimPaused
FNDA:18,whenNotWithdrawPaused
FNDA:23,initialize
FNDA:0,_authorizeUpgrade
FNDA:23,setMetaNode
FNDA:3,pauseWithdraw
FNDA:4,unpauseWithdraw
FNDA:3,pauseClaim
FNDA:3,unpauseClaim
FNDA:0,setStartBlock
FNDA:0,setEndBlock
FNDA:0,setMetaNodePerBlock
FNDA:24,addPool
FNDA:0,updatePool
FNDA:0,setPoolWeight
FNDA:2,poolLength
FNDA:33,getMultiplier
FNDA:4,pendingMetaNode
FNDA:4,pendingMetaNodeByBlockNumber
FNDA:8,stakingBalance
FNDA:5,withdrawAmount
FNDA:32,updatePool
FNDA:8,massUpdatePools
FNDA:14,depositETH
FNDA:5,deposit
FNDA:9,unstake
FNDA:8,withdraw
FNDA:8,claim
FNDA:15,_deposit
FNDA:7,_safeMetaNodeTransfer
FNDA:3,_safeETHTransfer
DA:154,87
DA:155,85
DA:160,9
DA:161,8
DA:166,18
DA:167,17
DA:178,23
DA:180,23
DA:181,23
DA:183,23
DA:185,23
DA:187,23
DA:189,23
DA:191,23
DA:192,23
DA:193,23
DA:208,23
DA:209,23
DA:214,3
DA:215,2
DA:216,2
DA:221,4
DA:222,2
DA:223,2
DA:228,3
DA:229,2
DA:230,2
DA:235,3
DA:236,2
DA:237,2
DA:242,0
DA:243,0
DA:244,0
DA:249,0
DA:250,0
DA:251,0
DA:256,0
DA:257,0
DA:258,0
DA:273,24
DA:274,6
DA:276,18
DA:278,24
DA:279,24
DA:281,24
DA:282,8
DA:285,24
DA:287,24
DA:289,24
DA:299,24
DA:304,0
DA:305,0
DA:306,0
DA:311,0
DA:312,0
DA:313,0
DA:316,0
DA:317,0
DA:318,0
DA:325,2
DA:330,33
DA:332,33
DA:334,33
DA:335,33
DA:336,33
DA:338,33
DA:339,33
DA:344,4
DA:349,4
DA:350,4
DA:351,4
DA:352,4
DA:354,4
DA:355,1
DA:356,1
DA:357,1
DA:361,4
DA:366,8
DA:371,5
DA:372,5
DA:373,5
DA:374,5
DA:375,5
DA:376,2
DA:379,5
DA:386,32
DA:388,32
DA:389,0
DA:392,32
DA:393,32
DA:395,32
DA:396,32
DA:397,32
DA:399,32
DA:400,17
DA:401,17
DA:402,17
DA:403,17
DA:404,17
DA:405,17
DA:406,17
DA:409,32
DA:410,32
DA:415,8
DA:416,8
DA:417,0
DA:423,14
DA:424,14
DA:425,14
DA:426,14
DA:427,12
DA:432,5
DA:433,5
DA:434,5
DA:436,4
DA:438,4
DA:440,3
DA:445,9
DA:446,9
DA:448,9
DA:450,9
DA:453,9
DA:455,9
DA:456,9
DA:459,9
DA:461,9
DA:462,9
DA:468,9
DA:470,9
DA:471,9
DA:476,8
DA:477,8
DA:479,8
DA:480,8
DA:482,8
DA:483,5
DA:484,5
DA:487,8
DA:488,5
DA:489,0
DA:491,5
DA:492,5
DA:496,8
DA:497,5
DA:498,3
DA:500,2
DA:504,8
DA:509,8
DA:510,8
DA:512,8
DA:514,8
DA:516,8
DA:517,7
DA:518,7
DA:521,8
DA:523,8
DA:530,15
DA:531,15
DA:532,15
DA:533,15
DA:534,1
DA:535,1
DA:536,1
DA:537,1
DA:539,1
DA:540,1
DA:542,1
DA:543,1
DA:544,1
DA:545,1
DA:549,15
DA:550,15
DA:551,15
DA:552,15
DA:555,15
DA:556,15
DA:557,15
DA:559,15
DA:560,15
DA:562,15
DA:563,15
DA:565,15
DA:567,15
DA:572,7
DA:574,7
DA:575,5
DA:577,2
DA:583,3
DA:587,3
DA:588,3
DA:589,0
LF:191
LH:169
BRDA:154,1,0,85
BRDA:154,1,1,2
BRDA:160,2,0,8
BRDA:160,2,1,1
BRDA:166,3,0,17
BRDA:166,3,1,1
BRDA:176,4,0,23
BRDA:176,4,1,0
BRDA:178,5,0,23
BRDA:178,5,1,0
BRDA:199,6,0,0
BRDA:199,6,1,0
BRDA:207,7,0,23
BRDA:207,7,1,0
BRDA:213,8,0,3
BRDA:213,8,1,1
BRDA:214,9,0,2
BRDA:214,9,1,1
BRDA:220,10,0,4
BRDA:220,10,1,1
BRDA:221,11,0,2
BRDA:221,11,1,2
BRDA:227,12,0,3
BRDA:227,12,1,1
BRDA:228,13,0,2
BRDA:228,13,1,1
BRDA:234,14,0,3
BRDA:234,14,1,1
BRDA:235,15,0,2
BRDA:235,15,1,1
BRDA:241,16,0,0
BRDA:241,16,1,0
BRDA:242,17,0,0
BRDA:242,17,1,0
BRDA:248,18,0,0
BRDA:248,18,1,0
BRDA:249,19,0,0
BRDA:249,19,1,0
BRDA:255,20,0,0
BRDA:255,20,1,0
BRDA:256,21,0,0
BRDA:256,21,1,0
BRDA:271,22,0,24
BRDA:271,22,1,0
BRDA:273,23,0,6
BRDA:273,23,1,18
BRDA:274,24,0,6
BRDA:274,24,1,0
BRDA:276,25,0,18
BRDA:276,25,1,0
BRDA:278,26,0,24
BRDA:278,26,1,0
BRDA:279,27,0,24
BRDA:279,27,1,0
BRDA:281,28,0,8
BRDA:281,28,1,16
BRDA:285,29,0,24
BRDA:285,29,1,0
BRDA:303,30,0,0
BRDA:303,30,1,0
BRDA:303,31,0,0
BRDA:303,31,1,0
BRDA:310,32,0,0
BRDA:310,32,1,0
BRDA:310,33,0,0
BRDA:310,33,1,0
BRDA:311,34,0,0
BRDA:311,34,1,0
BRDA:312,35,0,0
BRDA:312,35,1,0
BRDA:330,36,0,33
BRDA:330,36,1,0
BRDA:332,37,0,0
BRDA:332,37,1,33
BRDA:334,38,0,0
BRDA:334,38,1,33
BRDA:335,39,0,33
BRDA:335,39,1,0
BRDA:339,40,0,33
BRDA:339,40,1,0
BRDA:343,41,0,4
BRDA:343,41,1,0
BRDA:348,42,0,4
BRDA:348,42,1,0
BRDA:354,43,0,1
BRDA:354,43,1,3
BRDA:365,44,0,8
BRDA:365,44,1,0
BRDA:370,45,0,5
BRDA:370,45,1,0
BRDA:375,46,0,2
BRDA:375,46,1,3
BRDA:385,47,0,32
BRDA:385,47,1,0
BRDA:388,48,0,0
BRDA:388,48,1,32
BRDA:393,49,0,32
BRDA:393,49,1,0
BRDA:396,50,0,32
BRDA:396,50,1,0
BRDA:399,51,0,17
BRDA:399,51,1,15
BRDA:401,52,0,17
BRDA:401,52,1,0
BRDA:403,53,0,17
BRDA:403,53,1,0
BRDA:405,54,0,17
BRDA:405,54,1,0
BRDA:422,55,0,14
BRDA:422,55,1,0
BRDA:424,56,0,14
BRDA:424,56,1,0
BRDA:426,57,0,12
BRDA:426,57,1,2
BRDA:431,58,0,6
BRDA:431,58,1,0
BRDA:431,59,0,5
BRDA:431,59,1,1
BRDA:432,60,0,5
BRDA:432,60,1,0
BRDA:434,61,0,4
BRDA:434,61,1,1
BRDA:436,62,0,4
BRDA:436,62,1,0
BRDA:444,63,0,10
BRDA:444,63,1,0
BRDA:444,64,0,10
BRDA:444,64,1,0
BRDA:444,65,0,9
BRDA:444,65,1,1
BRDA:448,66,0,9
BRDA:448,66,1,0
BRDA:455,67,0,9
BRDA:455,67,1,0
BRDA:459,68,0,9
BRDA:459,68,1,0
BRDA:475,69,0,8
BRDA:475,69,1,0
BRDA:475,70,0,8
BRDA:475,70,1,0
BRDA:475,71,0,8
BRDA:475,71,1,0
BRDA:487,72,0,5
BRDA:487,72,1,3
BRDA:496,73,0,5
BRDA:496,73,1,3
BRDA:497,74,0,3
BRDA:497,74,1,2
BRDA:508,75,0,10
BRDA:508,75,1,0
BRDA:508,76,0,9
BRDA:508,76,1,1
BRDA:508,77,0,8
BRDA:508,77,1,1
BRDA:516,78,0,7
BRDA:516,78,1,1
BRDA:533,79,0,1
BRDA:533,79,1,14
BRDA:535,80,0,1
BRDA:535,80,1,0
BRDA:537,81,0,1
BRDA:537,81,1,0
BRDA:540,82,0,1
BRDA:540,82,1,0
BRDA:542,83,0,1
BRDA:542,83,1,0
BRDA:544,84,0,1
BRDA:544,84,1,0
BRDA:549,85,0,15
BRDA:549,85,1,0
BRDA:551,86,0,15
BRDA:551,86,1,0
BRDA:556,87,0,15
BRDA:556,87,1,0
BRDA:560,88,0,15
BRDA:560,88,1,0
BRDA:563,89,0,15
BRDA:563,89,1,0
BRDA:574,90,0,5
BRDA:574,90,1,2
BRDA:587,91,0,3
BRDA:587,91,1,0
BRDA:588,92,0,0
BRDA:588,92,1,3
BRDA:589,93,0,0
BRDA:589,93,1,0
BRF:186
BRH:107
end_of_record
TN:
SF:D:\go\goland\workspace\contract-practice\task2\contracts\MetaNodeToken.sol
FN:12,constructor
FN:24,mint
FNF:2
FNH:2
FNDA:28,constructor
FNDA:56,mint
DA:15,28
DA:26,56
LF:2
LH:2
BRDA:24,1,0,56
BRDA:24,1,1,1
BRF:2
BRH:2
end_of_record
